<?xml version="1.0" encoding="UTF-8"?>
<testsuite name="APIRestAssured"
           tests="3"
           failures="0"
           errors="0"
           skipped="0"
           time="0.008">
    <properties></properties>



            <testcase
                name="demo3"
                time="0.006"
                classname="org.example.TestNg.TestNG012">
            </testcase>
            <testcase
                name="demo2"
                time="0.001"
                classname="org.example.TestNg.TestNG012">
            </testcase>
            <testcase
                name="demo1"
                time="0.001"
                classname="org.example.TestNg.TestNG012">
            </testcase>
</testsuite>
