<?xml version="1.0" encoding="UTF-8"?>
<testsuite name="APIRestAssured"
           tests="3"
           failures="0"
           errors="0"
           skipped="0"
           time="0.011">
    <properties></properties>



            <testcase
                name="t2"
                time="0.007"
                classname="org.example.TestNg.TestNG008">
            </testcase>
            <testcase
                name="t1"
                time="0.001"
                classname="org.example.TestNg.TestNG008">
            </testcase>
            <testcase
                name="t3"
                time="0.003"
                classname="org.example.TestNg.TestNG008">
            </testcase>
</testsuite>
