<?xml version="1.0" encoding="UTF-8"?>
<testsuite name="APIRestAssured"
           tests="3"
           failures="0"
           errors="0"
           skipped="0"
           time="0.006">
    <properties></properties>



            <testcase
                name="getToken"
                time="0.006"
                classname="org.example.TestNg.TestNG011">
            </testcase>
            <testcase
                name="getBookingID"
                time="0.000"
                classname="org.example.TestNg.TestNG011">
            </testcase>
            <testcase
                name="testPutReq"
                time="0.000"
                classname="org.example.TestNg.TestNG011">
            </testcase>
</testsuite>
