<?xml version="1.0" encoding="UTF-8"?>
<testsuite name="APIRestAssured"
           tests="16"
           failures="0"
           errors="0"
           skipped="0"
           time="0.018">
    <properties></properties>



            <testcase
                name="loginTest"
                time="0.001"
                classname="org.example.TestNg.TestNG013">
            </testcase>
            <testcase
                name="loginTest"
                time="0.000"
                classname="org.example.TestNg.TestNG013">
            </testcase>
            <testcase
                name="loginTest"
                time="0.001"
                classname="org.example.TestNg.TestNG013">
            </testcase>
            <testcase
                name="loginTest"
                time="0.006"
                classname="org.example.TestNg.TestNG013">
            </testcase>
            <testcase
                name="loginTest"
                time="0.000"
                classname="org.example.TestNg.TestNG013">
            </testcase>
            <testcase
                name="loginTest"
                time="0.000"
                classname="org.example.TestNg.TestNG013">
            </testcase>
            <testcase
                name="loginTest"
                time="0.002"
                classname="org.example.TestNg.TestNG013">
            </testcase>
            <testcase
                name="loginTest"
                time="0.001"
                classname="org.example.TestNg.TestNG013">
            </testcase>
            <testcase
                name="loginTest"
                time="0.001"
                classname="org.example.TestNg.TestNG013">
            </testcase>
            <testcase
                name="loginTest"
                time="0.001"
                classname="org.example.TestNg.TestNG013">
            </testcase>
            <testcase
                name="loginTest"
                time="0.001"
                classname="org.example.TestNg.TestNG013">
            </testcase>
            <testcase
                name="loginTest"
                time="0.001"
                classname="org.example.TestNg.TestNG013">
            </testcase>
            <testcase
                name="loginTest"
                time="0.000"
                classname="org.example.TestNg.TestNG013">
            </testcase>
            <testcase
                name="loginTest"
                time="0.001"
                classname="org.example.TestNg.TestNG013">
            </testcase>
            <testcase
                name="loginTest"
                time="0.001"
                classname="org.example.TestNg.TestNG013">
            </testcase>
            <testcase
                name="loginTest"
                time="0.001"
                classname="org.example.TestNg.TestNG013">
            </testcase>
</testsuite>
