<?xml version="1.0" encoding="UTF-8"?>
<testsuite name="C:/Users/Shubhangi/IdeaProjects/Hellow world/APIRestAssured/src/test/java/org/example/Curd/PostMethod"
           tests="1"
           failures="0"
           errors="0"
           skipped="0"
           time="2.928">
    <properties></properties>



            <testcase
                name="testBDDStylePOSTPositive"
                time="2.928"
                classname="org.example.Curd.PostMethod.BDDStylePost">
            </testcase>
</testsuite>
